{
  "RSpec": {
    "coverage": {
      "/home/adrielradicchi/Empresas/sof.to/estudos/base-project/app/models/person.rb": {
        "lines": [
          1,
          1,
          null
        ]
      },
      "/home/adrielradicchi/Empresas/sof.to/estudos/base-project/app/models/application_record.rb": {
        "lines": [
          1,
          1,
          null
        ]
      },
      "/home/adrielradicchi/Empresas/sof.to/estudos/base-project/app/controllers/api/people_controller.rb": {
        "lines": [
          1,
          1,
          null,
          1,
          1,
          1,
          null,
          null,
          1,
          1,
          null,
          1,
          1,
          null,
          0,
          null,
          null,
          null,
          1,
          1,
          1,
          null,
          0,
          null,
          null,
          null,
          1,
          2,
          2,
          null,
          0,
          null,
          null,
          null,
          1,
          1,
          1,
          1,
          null,
          null,
          null,
          null,
          null,
          null,
          null,
          null,
          1,
          null,
          1,
          3,
          null,
          null,
          1,
          4,
          null,
          null
        ]
      },
      "/home/adrielradicchi/Empresas/sof.to/estudos/base-project/app/controllers/application_controller.rb": {
        "lines": [
          1,
          null
        ]
      },
      "/home/adrielradicchi/Empresas/sof.to/estudos/base-project/app/channels/application_cable/connection.rb": {
        "lines": [
          0,
          0,
          0,
          0
        ],
        "branches": {
        }
      },
      "/home/adrielradicchi/Empresas/sof.to/estudos/base-project/app/channels/application_cable/channel.rb": {
        "lines": [
          0,
          0,
          0,
          0
        ],
        "branches": {
        }
      },
      "/home/adrielradicchi/Empresas/sof.to/estudos/base-project/app/mailers/application_mailer.rb": {
        "lines": [
          0,
          0,
          0,
          0
        ],
        "branches": {
        }
      },
      "/home/adrielradicchi/Empresas/sof.to/estudos/base-project/app/controllers/healthcheck_controller.rb": {
        "lines": [
          null,
          null,
          0,
          0,
          0,
          0,
          0
        ],
        "branches": {
        }
      },
      "/home/adrielradicchi/Empresas/sof.to/estudos/base-project/app/controllers/routes.rb": {
        "lines": [
          0,
          0,
          0,
          null,
          0,
          0
        ],
        "branches": {
        }
      },
      "/home/adrielradicchi/Empresas/sof.to/estudos/base-project/app/jobs/application_job.rb": {
        "lines": [
          0,
          null,
          null,
          null,
          null,
          null,
          0
        ],
        "branches": {
        }
      },
      "/home/adrielradicchi/Empresas/sof.to/estudos/base-project/app/serializers/person_serializer.rb": {
        "lines": [
          0,
          0,
          0
        ],
        "branches": {
        }
      }
    },
    "timestamp": 1640621166
  }
}
